27-Jul-2020 22:14:07.528 SEVERE [main] org.apache.catalina.startup.Catalina.stopServer Could not contact [localhost:8005]. Tomcat may not be running.
27-Jul-2020 22:15:26.117 INFO [main] org.apache.catalina.startup.VersionLoggerListener.log Server version name:   Apache Tomcat/8.5.57
27-Jul-2020 22:15:26.135 INFO [main] org.apache.catalina.startup.VersionLoggerListener.log Server built:          Jun 30 2020 21:49:10 UTC
27-Jul-2020 22:15:26.136 INFO [main] org.apache.catalina.startup.VersionLoggerListener.log Server version number: 8.5.57.0
27-Jul-2020 22:15:26.151 INFO [main] org.apache.catalina.startup.VersionLoggerListener.log OS Name:               Windows 10
27-Jul-2020 22:15:26.152 INFO [main] org.apache.catalina.startup.VersionLoggerListener.log OS Version:            10.0
27-Jul-2020 22:15:26.154 INFO [main] org.apache.catalina.startup.VersionLoggerListener.log Architecture:          amd64
27-Jul-2020 22:15:26.155 INFO [main] org.apache.catalina.startup.VersionLoggerListener.log Java Home:             C:\Program Files\Java\jdk1.8.0_251\jre
27-Jul-2020 22:15:26.157 INFO [main] org.apache.catalina.startup.VersionLoggerListener.log JVM Version:           1.8.0_251-b08
27-Jul-2020 22:15:26.158 INFO [main] org.apache.catalina.startup.VersionLoggerListener.log JVM Vendor:            Oracle Corporation
27-Jul-2020 22:15:26.159 INFO [main] org.apache.catalina.startup.VersionLoggerListener.log CATALINA_BASE:         C:\Users\Arun\Desktop\repeated-to-2\2pmwebapp\tomcat-8
27-Jul-2020 22:15:26.160 INFO [main] org.apache.catalina.startup.VersionLoggerListener.log CATALINA_HOME:         C:\Users\Arun\Desktop\repeated-to-2\2pmwebapp\tomcat-8
27-Jul-2020 22:15:26.162 INFO [main] org.apache.catalina.startup.VersionLoggerListener.log Command line argument: -Djava.util.logging.config.file=C:\Users\Arun\Desktop\repeated-to-2\2pmwebapp\tomcat-8\conf\logging.properties
27-Jul-2020 22:15:26.163 INFO [main] org.apache.catalina.startup.VersionLoggerListener.log Command line argument: -Djava.util.logging.manager=org.apache.juli.ClassLoaderLogManager
27-Jul-2020 22:15:26.164 INFO [main] org.apache.catalina.startup.VersionLoggerListener.log Command line argument: -Djdk.tls.ephemeralDHKeySize=2048
27-Jul-2020 22:15:26.165 INFO [main] org.apache.catalina.startup.VersionLoggerListener.log Command line argument: -Djava.protocol.handler.pkgs=org.apache.catalina.webresources
27-Jul-2020 22:15:26.172 INFO [main] org.apache.catalina.startup.VersionLoggerListener.log Command line argument: -Dignore.endorsed.dirs=
27-Jul-2020 22:15:26.173 INFO [main] org.apache.catalina.startup.VersionLoggerListener.log Command line argument: -Dcatalina.base=C:\Users\Arun\Desktop\repeated-to-2\2pmwebapp\tomcat-8
27-Jul-2020 22:15:26.177 INFO [main] org.apache.catalina.startup.VersionLoggerListener.log Command line argument: -Dcatalina.home=C:\Users\Arun\Desktop\repeated-to-2\2pmwebapp\tomcat-8
27-Jul-2020 22:15:26.180 INFO [main] org.apache.catalina.startup.VersionLoggerListener.log Command line argument: -Djava.io.tmpdir=C:\Users\Arun\Desktop\repeated-to-2\2pmwebapp\tomcat-8\temp
27-Jul-2020 22:15:26.185 INFO [main] org.apache.catalina.core.AprLifecycleListener.lifecycleEvent The Apache Tomcat Native library which allows using OpenSSL was not found on the java.library.path: [C:\Program Files\Java\jdk1.8.0_251\bin;C:\WINDOWS\Sun\Java\bin;C:\WINDOWS\system32;C:\WINDOWS;C:\Program Files (x86)\Common Files\Oracle\Java\javapath:C:\Program Files;C:\WINDOWS\system32;C:\WINDOWS;C:\WINDOWS\System32\Wbem;C:\WINDOWS\System32\WindowsPowerShell\v1.0\;C:\WINDOWS\System32\OpenSSH\;C:\Program Files\SourceGear\Common\DiffMerge\;C:\Program Files\PuTTY\;C:\Program Files\Amazon\AWSCLI;C:\PrograC:\Program Files (x86)\Common Files\Oracle\Java\javapath:;C:\WINDOWS\system32;C:\WINDOWS;C:\WINDOWS\System32\Wbem;C:\WINDOWS\System32\WindowsPowerShell\v1.0\;C:\WINDOWS\System32\OpenSSH\;C:\Program Files\SourceGear\Common\DiffMerge\;C:\Program Files\PuTTY\;C:\Program Files\Amazon\AWSCLI;C:\Program Files\Git\cmd;C:\Program Files\Amazon\AWSCLIV2\;C:\Program Files (x86)\maven-3\bin;C:\Program Files\Java\jdk1.8.0_251\bin;C:\Users\Arun\AppData\Local\Programs\Python\Python38-32\Scripts\;C:\Users\Arun\AppData\Local\Programs\Python\Python38-32\;C:\Users\Arun\AppData\Local\Programs\Microsoft VS Code\bin;C:\Program Files\Java\jdk1.8.0_251;.]
27-Jul-2020 22:15:27.326 INFO [main] org.apache.coyote.AbstractProtocol.init Initializing ProtocolHandler ["http-nio-8080"]
27-Jul-2020 22:15:28.937 INFO [main] org.apache.tomcat.util.net.NioSelectorPool.getSharedSelector Using a shared selector for servlet write/read
27-Jul-2020 22:15:29.094 INFO [main] org.apache.catalina.startup.Catalina.load Initialization processed in 6423 ms
27-Jul-2020 22:15:29.431 INFO [main] org.apache.catalina.core.StandardService.startInternal Starting service [Catalina]
27-Jul-2020 22:15:29.434 INFO [main] org.apache.catalina.core.StandardEngine.startInternal Starting Servlet Engine: Apache Tomcat/8.5.57
27-Jul-2020 22:15:29.521 INFO [localhost-startStop-1] org.apache.catalina.startup.HostConfig.deployDirectory Deploying web application directory [C:\Users\Arun\Desktop\repeated-to-2\2pmwebapp\tomcat-8\webapps\docs]
27-Jul-2020 22:15:31.965 INFO [localhost-startStop-1] org.apache.catalina.startup.HostConfig.deployDirectory Deployment of web application directory [C:\Users\Arun\Desktop\repeated-to-2\2pmwebapp\tomcat-8\webapps\docs] has finished in [2,440] ms
27-Jul-2020 22:15:31.967 INFO [localhost-startStop-1] org.apache.catalina.startup.HostConfig.deployDirectory Deploying web application directory [C:\Users\Arun\Desktop\repeated-to-2\2pmwebapp\tomcat-8\webapps\examples]
27-Jul-2020 22:15:34.161 INFO [localhost-startStop-1] org.apache.catalina.startup.HostConfig.deployDirectory Deployment of web application directory [C:\Users\Arun\Desktop\repeated-to-2\2pmwebapp\tomcat-8\webapps\examples] has finished in [2,192] ms
27-Jul-2020 22:15:34.167 INFO [localhost-startStop-1] org.apache.catalina.startup.HostConfig.deployDirectory Deploying web application directory [C:\Users\Arun\Desktop\repeated-to-2\2pmwebapp\tomcat-8\webapps\host-manager]
27-Jul-2020 22:15:34.283 INFO [localhost-startStop-1] org.apache.catalina.startup.HostConfig.deployDirectory Deployment of web application directory [C:\Users\Arun\Desktop\repeated-to-2\2pmwebapp\tomcat-8\webapps\host-manager] has finished in [117] ms
27-Jul-2020 22:15:34.284 INFO [localhost-startStop-1] org.apache.catalina.startup.HostConfig.deployDirectory Deploying web application directory [C:\Users\Arun\Desktop\repeated-to-2\2pmwebapp\tomcat-8\webapps\manager]
27-Jul-2020 22:15:34.379 INFO [localhost-startStop-1] org.apache.catalina.startup.HostConfig.deployDirectory Deployment of web application directory [C:\Users\Arun\Desktop\repeated-to-2\2pmwebapp\tomcat-8\webapps\manager] has finished in [94] ms
27-Jul-2020 22:15:34.380 INFO [localhost-startStop-1] org.apache.catalina.startup.HostConfig.deployDirectory Deploying web application directory [C:\Users\Arun\Desktop\repeated-to-2\2pmwebapp\tomcat-8\webapps\ROOT]
27-Jul-2020 22:15:34.455 INFO [localhost-startStop-1] org.apache.catalina.startup.HostConfig.deployDirectory Deployment of web application directory [C:\Users\Arun\Desktop\repeated-to-2\2pmwebapp\tomcat-8\webapps\ROOT] has finished in [75] ms
27-Jul-2020 22:15:34.467 INFO [main] org.apache.coyote.AbstractProtocol.start Starting ProtocolHandler ["http-nio-8080"]
27-Jul-2020 22:15:34.502 INFO [main] org.apache.catalina.startup.Catalina.start Server startup in 5404 ms
27-Jul-2020 22:17:25.976 INFO [main] org.apache.catalina.core.StandardServer.await A valid shutdown command was received via the shutdown port. Stopping the Server instance.
27-Jul-2020 22:17:25.987 INFO [main] org.apache.coyote.AbstractProtocol.pause Pausing ProtocolHandler ["http-nio-8080"]
27-Jul-2020 22:17:27.499 INFO [main] org.apache.catalina.core.StandardService.stopInternal Stopping service [Catalina]
27-Jul-2020 22:17:28.340 INFO [main] org.apache.coyote.AbstractProtocol.stop Stopping ProtocolHandler ["http-nio-8080"]
27-Jul-2020 22:17:28.416 INFO [main] org.apache.coyote.AbstractProtocol.destroy Destroying ProtocolHandler ["http-nio-8080"]
27-Jul-2020 22:31:13.122 INFO [main] org.apache.catalina.startup.VersionLoggerListener.log Server version name:   Apache Tomcat/8.5.57
27-Jul-2020 22:31:13.128 INFO [main] org.apache.catalina.startup.VersionLoggerListener.log Server built:          Jun 30 2020 21:49:10 UTC
27-Jul-2020 22:31:13.129 INFO [main] org.apache.catalina.startup.VersionLoggerListener.log Server version number: 8.5.57.0
27-Jul-2020 22:31:13.130 INFO [main] org.apache.catalina.startup.VersionLoggerListener.log OS Name:               Windows 10
27-Jul-2020 22:31:13.130 INFO [main] org.apache.catalina.startup.VersionLoggerListener.log OS Version:            10.0
27-Jul-2020 22:31:13.130 INFO [main] org.apache.catalina.startup.VersionLoggerListener.log Architecture:          amd64
27-Jul-2020 22:31:13.131 INFO [main] org.apache.catalina.startup.VersionLoggerListener.log Java Home:             C:\Program Files\Java\jdk1.8.0_251\jre
27-Jul-2020 22:31:13.131 INFO [main] org.apache.catalina.startup.VersionLoggerListener.log JVM Version:           1.8.0_251-b08
27-Jul-2020 22:31:13.132 INFO [main] org.apache.catalina.startup.VersionLoggerListener.log JVM Vendor:            Oracle Corporation
27-Jul-2020 22:31:13.132 INFO [main] org.apache.catalina.startup.VersionLoggerListener.log CATALINA_BASE:         C:\Users\Arun\Desktop\repeated-to-2\2pmwebapp\tomcat-8
27-Jul-2020 22:31:13.133 INFO [main] org.apache.catalina.startup.VersionLoggerListener.log CATALINA_HOME:         C:\Users\Arun\Desktop\repeated-to-2\2pmwebapp\tomcat-8
27-Jul-2020 22:31:13.133 INFO [main] org.apache.catalina.startup.VersionLoggerListener.log Command line argument: -Djava.util.logging.config.file=C:\Users\Arun\Desktop\repeated-to-2\2pmwebapp\tomcat-8\conf\logging.properties
27-Jul-2020 22:31:13.134 INFO [main] org.apache.catalina.startup.VersionLoggerListener.log Command line argument: -Djava.util.logging.manager=org.apache.juli.ClassLoaderLogManager
27-Jul-2020 22:31:13.134 INFO [main] org.apache.catalina.startup.VersionLoggerListener.log Command line argument: -Djdk.tls.ephemeralDHKeySize=2048
27-Jul-2020 22:31:13.134 INFO [main] org.apache.catalina.startup.VersionLoggerListener.log Command line argument: -Djava.protocol.handler.pkgs=org.apache.catalina.webresources
27-Jul-2020 22:31:13.135 INFO [main] org.apache.catalina.startup.VersionLoggerListener.log Command line argument: -Dignore.endorsed.dirs=
27-Jul-2020 22:31:13.135 INFO [main] org.apache.catalina.startup.VersionLoggerListener.log Command line argument: -Dcatalina.base=C:\Users\Arun\Desktop\repeated-to-2\2pmwebapp\tomcat-8
27-Jul-2020 22:31:13.137 INFO [main] org.apache.catalina.startup.VersionLoggerListener.log Command line argument: -Dcatalina.home=C:\Users\Arun\Desktop\repeated-to-2\2pmwebapp\tomcat-8
27-Jul-2020 22:31:13.139 INFO [main] org.apache.catalina.startup.VersionLoggerListener.log Command line argument: -Djava.io.tmpdir=C:\Users\Arun\Desktop\repeated-to-2\2pmwebapp\tomcat-8\temp
27-Jul-2020 22:31:13.146 INFO [main] org.apache.catalina.core.AprLifecycleListener.lifecycleEvent The Apache Tomcat Native library which allows using OpenSSL was not found on the java.library.path: [C:\Program Files\Java\jdk1.8.0_251\bin;C:\WINDOWS\Sun\Java\bin;C:\WINDOWS\system32;C:\WINDOWS;C:\Program Files (x86)\Common Files\Oracle\Java\javapath:C:\Program Files;C:\WINDOWS\system32;C:\WINDOWS;C:\WINDOWS\System32\Wbem;C:\WINDOWS\System32\WindowsPowerShell\v1.0\;C:\WINDOWS\System32\OpenSSH\;C:\Program Files\SourceGear\Common\DiffMerge\;C:\Program Files\PuTTY\;C:\Program Files\Amazon\AWSCLI;C:\PrograC:\Program Files (x86)\Common Files\Oracle\Java\javapath:;C:\WINDOWS\system32;C:\WINDOWS;C:\WINDOWS\System32\Wbem;C:\WINDOWS\System32\WindowsPowerShell\v1.0\;C:\WINDOWS\System32\OpenSSH\;C:\Program Files\SourceGear\Common\DiffMerge\;C:\Program Files\PuTTY\;C:\Program Files\Amazon\AWSCLI;C:\Program Files\Git\cmd;C:\Program Files\Amazon\AWSCLIV2\;C:\Program Files (x86)\maven-3\bin;C:\Program Files\Java\jdk1.8.0_251\bin;C:\Users\Arun\AppData\Local\Programs\Python\Python38-32\Scripts\;C:\Users\Arun\AppData\Local\Programs\Python\Python38-32\;C:\Users\Arun\AppData\Local\Programs\Microsoft VS Code\bin;C:\Program Files\Java\jdk1.8.0_251;.]
27-Jul-2020 22:31:13.677 INFO [main] org.apache.coyote.AbstractProtocol.init Initializing ProtocolHandler ["http-nio-8080"]
27-Jul-2020 22:31:14.264 INFO [main] org.apache.tomcat.util.net.NioSelectorPool.getSharedSelector Using a shared selector for servlet write/read
27-Jul-2020 22:31:14.334 INFO [main] org.apache.catalina.startup.Catalina.load Initialization processed in 3520 ms
27-Jul-2020 22:31:14.427 INFO [main] org.apache.catalina.core.StandardService.startInternal Starting service [Catalina]
27-Jul-2020 22:31:14.429 INFO [main] org.apache.catalina.core.StandardEngine.startInternal Starting Servlet Engine: Apache Tomcat/8.5.57
27-Jul-2020 22:31:14.490 INFO [localhost-startStop-1] org.apache.catalina.startup.HostConfig.deployWAR Deploying web application archive [C:\Users\Arun\Desktop\repeated-to-2\2pmwebapp\tomcat-8\webapps\2pmwebapp.war]
27-Jul-2020 22:31:16.139 INFO [localhost-startStop-1] org.apache.jasper.servlet.TldScanner.scanJars At least one JAR was scanned for TLDs yet contained no TLDs. Enable debug logging for this logger for a complete list of JARs that were scanned but no TLDs were found in them. Skipping unneeded JARs during scanning can improve startup time and JSP compilation time.
27-Jul-2020 22:31:16.245 INFO [localhost-startStop-1] org.apache.catalina.startup.HostConfig.deployWAR Deployment of web application archive [C:\Users\Arun\Desktop\repeated-to-2\2pmwebapp\tomcat-8\webapps\2pmwebapp.war] has finished in [1,754] ms
27-Jul-2020 22:31:16.250 INFO [localhost-startStop-1] org.apache.catalina.startup.HostConfig.deployDirectory Deploying web application directory [C:\Users\Arun\Desktop\repeated-to-2\2pmwebapp\tomcat-8\webapps\docs]
27-Jul-2020 22:31:16.403 INFO [localhost-startStop-1] org.apache.catalina.startup.HostConfig.deployDirectory Deployment of web application directory [C:\Users\Arun\Desktop\repeated-to-2\2pmwebapp\tomcat-8\webapps\docs] has finished in [153] ms
27-Jul-2020 22:31:16.415 INFO [localhost-startStop-1] org.apache.catalina.startup.HostConfig.deployDirectory Deploying web application directory [C:\Users\Arun\Desktop\repeated-to-2\2pmwebapp\tomcat-8\webapps\examples]
27-Jul-2020 22:31:17.523 INFO [localhost-startStop-1] org.apache.catalina.startup.HostConfig.deployDirectory Deployment of web application directory [C:\Users\Arun\Desktop\repeated-to-2\2pmwebapp\tomcat-8\webapps\examples] has finished in [1,109] ms
27-Jul-2020 22:31:17.524 INFO [localhost-startStop-1] org.apache.catalina.startup.HostConfig.deployDirectory Deploying web application directory [C:\Users\Arun\Desktop\repeated-to-2\2pmwebapp\tomcat-8\webapps\host-manager]
27-Jul-2020 22:31:17.599 INFO [localhost-startStop-1] org.apache.catalina.startup.HostConfig.deployDirectory Deployment of web application directory [C:\Users\Arun\Desktop\repeated-to-2\2pmwebapp\tomcat-8\webapps\host-manager] has finished in [75] ms
27-Jul-2020 22:31:17.605 INFO [localhost-startStop-1] org.apache.catalina.startup.HostConfig.deployDirectory Deploying web application directory [C:\Users\Arun\Desktop\repeated-to-2\2pmwebapp\tomcat-8\webapps\manager]
27-Jul-2020 22:31:17.695 INFO [localhost-startStop-1] org.apache.catalina.startup.HostConfig.deployDirectory Deployment of web application directory [C:\Users\Arun\Desktop\repeated-to-2\2pmwebapp\tomcat-8\webapps\manager] has finished in [91] ms
27-Jul-2020 22:31:17.696 INFO [localhost-startStop-1] org.apache.catalina.startup.HostConfig.deployDirectory Deploying web application directory [C:\Users\Arun\Desktop\repeated-to-2\2pmwebapp\tomcat-8\webapps\ROOT]
27-Jul-2020 22:31:17.768 INFO [localhost-startStop-1] org.apache.catalina.startup.HostConfig.deployDirectory Deployment of web application directory [C:\Users\Arun\Desktop\repeated-to-2\2pmwebapp\tomcat-8\webapps\ROOT] has finished in [72] ms
27-Jul-2020 22:31:17.783 INFO [main] org.apache.coyote.AbstractProtocol.start Starting ProtocolHandler ["http-nio-8080"]
27-Jul-2020 22:31:17.811 INFO [main] org.apache.catalina.startup.Catalina.start Server startup in 3472 ms
27-Jul-2020 22:34:44.018 INFO [main] org.apache.catalina.startup.VersionLoggerListener.log Server version name:   Apache Tomcat/8.5.57
27-Jul-2020 22:34:44.033 INFO [main] org.apache.catalina.startup.VersionLoggerListener.log Server built:          Jun 30 2020 21:49:10 UTC
27-Jul-2020 22:34:44.034 INFO [main] org.apache.catalina.startup.VersionLoggerListener.log Server version number: 8.5.57.0
27-Jul-2020 22:34:44.035 INFO [main] org.apache.catalina.startup.VersionLoggerListener.log OS Name:               Windows 10
27-Jul-2020 22:34:44.036 INFO [main] org.apache.catalina.startup.VersionLoggerListener.log OS Version:            10.0
27-Jul-2020 22:34:44.037 INFO [main] org.apache.catalina.startup.VersionLoggerListener.log Architecture:          amd64
27-Jul-2020 22:34:44.038 INFO [main] org.apache.catalina.startup.VersionLoggerListener.log Java Home:             C:\Program Files\Java\jdk1.8.0_251\jre
27-Jul-2020 22:34:44.039 INFO [main] org.apache.catalina.startup.VersionLoggerListener.log JVM Version:           1.8.0_251-b08
27-Jul-2020 22:34:44.040 INFO [main] org.apache.catalina.startup.VersionLoggerListener.log JVM Vendor:            Oracle Corporation
27-Jul-2020 22:34:44.046 INFO [main] org.apache.catalina.startup.VersionLoggerListener.log CATALINA_BASE:         C:\Users\Arun\Desktop\repeated-to-2\2pmwebapp\tomcat-8
27-Jul-2020 22:34:44.050 INFO [main] org.apache.catalina.startup.VersionLoggerListener.log CATALINA_HOME:         C:\Users\Arun\Desktop\repeated-to-2\2pmwebapp\tomcat-8
27-Jul-2020 22:34:44.052 INFO [main] org.apache.catalina.startup.VersionLoggerListener.log Command line argument: -Djava.util.logging.config.file=C:\Users\Arun\Desktop\repeated-to-2\2pmwebapp\tomcat-8\conf\logging.properties
27-Jul-2020 22:34:44.053 INFO [main] org.apache.catalina.startup.VersionLoggerListener.log Command line argument: -Djava.util.logging.manager=org.apache.juli.ClassLoaderLogManager
27-Jul-2020 22:34:44.059 INFO [main] org.apache.catalina.startup.VersionLoggerListener.log Command line argument: -Djdk.tls.ephemeralDHKeySize=2048
27-Jul-2020 22:34:44.060 INFO [main] org.apache.catalina.startup.VersionLoggerListener.log Command line argument: -Djava.protocol.handler.pkgs=org.apache.catalina.webresources
27-Jul-2020 22:34:44.062 INFO [main] org.apache.catalina.startup.VersionLoggerListener.log Command line argument: -Dignore.endorsed.dirs=
27-Jul-2020 22:34:44.070 INFO [main] org.apache.catalina.startup.VersionLoggerListener.log Command line argument: -Dcatalina.base=C:\Users\Arun\Desktop\repeated-to-2\2pmwebapp\tomcat-8
27-Jul-2020 22:34:44.077 INFO [main] org.apache.catalina.startup.VersionLoggerListener.log Command line argument: -Dcatalina.home=C:\Users\Arun\Desktop\repeated-to-2\2pmwebapp\tomcat-8
27-Jul-2020 22:34:44.079 INFO [main] org.apache.catalina.startup.VersionLoggerListener.log Command line argument: -Djava.io.tmpdir=C:\Users\Arun\Desktop\repeated-to-2\2pmwebapp\tomcat-8\temp
27-Jul-2020 22:34:44.084 INFO [main] org.apache.catalina.core.AprLifecycleListener.lifecycleEvent The Apache Tomcat Native library which allows using OpenSSL was not found on the java.library.path: [C:\Program Files\Java\jdk1.8.0_251\bin;C:\WINDOWS\Sun\Java\bin;C:\WINDOWS\system32;C:\WINDOWS;C:\Program Files (x86)\Common Files\Oracle\Java\javapath:C:\Program Files;C:\WINDOWS\system32;C:\WINDOWS;C:\WINDOWS\System32\Wbem;C:\WINDOWS\System32\WindowsPowerShell\v1.0\;C:\WINDOWS\System32\OpenSSH\;C:\Program Files\SourceGear\Common\DiffMerge\;C:\Program Files\PuTTY\;C:\Program Files\Amazon\AWSCLI;C:\PrograC:\Program Files (x86)\Common Files\Oracle\Java\javapath:;C:\WINDOWS\system32;C:\WINDOWS;C:\WINDOWS\System32\Wbem;C:\WINDOWS\System32\WindowsPowerShell\v1.0\;C:\WINDOWS\System32\OpenSSH\;C:\Program Files\SourceGear\Common\DiffMerge\;C:\Program Files\PuTTY\;C:\Program Files\Amazon\AWSCLI;C:\Program Files\Git\cmd;C:\Program Files\Amazon\AWSCLIV2\;C:\Program Files (x86)\maven-3\bin;C:\Program Files\Java\jdk1.8.0_251\bin;C:\Users\Arun\AppData\Local\Programs\Python\Python38-32\Scripts\;C:\Users\Arun\AppData\Local\Programs\Python\Python38-32\;C:\Users\Arun\AppData\Local\Programs\Microsoft VS Code\bin;C:\Program Files\Java\jdk1.8.0_251;.]
27-Jul-2020 22:34:44.799 INFO [main] org.apache.coyote.AbstractProtocol.init Initializing ProtocolHandler ["http-nio-8080"]
27-Jul-2020 22:34:45.609 INFO [main] org.apache.tomcat.util.net.NioSelectorPool.getSharedSelector Using a shared selector for servlet write/read
27-Jul-2020 22:34:45.660 INFO [main] org.apache.catalina.startup.Catalina.load Initialization processed in 4922 ms
27-Jul-2020 22:34:45.763 INFO [main] org.apache.catalina.core.StandardService.startInternal Starting service [Catalina]
27-Jul-2020 22:34:45.763 INFO [main] org.apache.catalina.core.StandardEngine.startInternal Starting Servlet Engine: Apache Tomcat/8.5.57
27-Jul-2020 22:34:45.832 INFO [localhost-startStop-1] org.apache.catalina.startup.HostConfig.deployWAR Deploying web application archive [C:\Users\Arun\Desktop\repeated-to-2\2pmwebapp\tomcat-8\webapps\2pmwebapp.war]
27-Jul-2020 22:34:47.447 INFO [localhost-startStop-1] org.apache.jasper.servlet.TldScanner.scanJars At least one JAR was scanned for TLDs yet contained no TLDs. Enable debug logging for this logger for a complete list of JARs that were scanned but no TLDs were found in them. Skipping unneeded JARs during scanning can improve startup time and JSP compilation time.
27-Jul-2020 22:34:47.571 INFO [localhost-startStop-1] org.apache.catalina.startup.HostConfig.deployWAR Deployment of web application archive [C:\Users\Arun\Desktop\repeated-to-2\2pmwebapp\tomcat-8\webapps\2pmwebapp.war] has finished in [1,737] ms
27-Jul-2020 22:34:47.575 INFO [localhost-startStop-1] org.apache.catalina.startup.HostConfig.deployDirectory Deploying web application directory [C:\Users\Arun\Desktop\repeated-to-2\2pmwebapp\tomcat-8\webapps\docs]
27-Jul-2020 22:34:47.640 INFO [localhost-startStop-1] org.apache.catalina.startup.HostConfig.deployDirectory Deployment of web application directory [C:\Users\Arun\Desktop\repeated-to-2\2pmwebapp\tomcat-8\webapps\docs] has finished in [65] ms
27-Jul-2020 22:34:47.640 INFO [localhost-startStop-1] org.apache.catalina.startup.HostConfig.deployDirectory Deploying web application directory [C:\Users\Arun\Desktop\repeated-to-2\2pmwebapp\tomcat-8\webapps\examples]
27-Jul-2020 22:34:49.445 INFO [localhost-startStop-1] org.apache.catalina.startup.HostConfig.deployDirectory Deployment of web application directory [C:\Users\Arun\Desktop\repeated-to-2\2pmwebapp\tomcat-8\webapps\examples] has finished in [1,804] ms
27-Jul-2020 22:34:49.447 INFO [localhost-startStop-1] org.apache.catalina.startup.HostConfig.deployDirectory Deploying web application directory [C:\Users\Arun\Desktop\repeated-to-2\2pmwebapp\tomcat-8\webapps\host-manager]
27-Jul-2020 22:34:49.634 INFO [localhost-startStop-1] org.apache.catalina.startup.HostConfig.deployDirectory Deployment of web application directory [C:\Users\Arun\Desktop\repeated-to-2\2pmwebapp\tomcat-8\webapps\host-manager] has finished in [187] ms
27-Jul-2020 22:34:49.651 INFO [localhost-startStop-1] org.apache.catalina.startup.HostConfig.deployDirectory Deploying web application directory [C:\Users\Arun\Desktop\repeated-to-2\2pmwebapp\tomcat-8\webapps\manager]
27-Jul-2020 22:34:49.865 INFO [localhost-startStop-1] org.apache.catalina.startup.HostConfig.deployDirectory Deployment of web application directory [C:\Users\Arun\Desktop\repeated-to-2\2pmwebapp\tomcat-8\webapps\manager] has finished in [214] ms
27-Jul-2020 22:34:49.872 INFO [localhost-startStop-1] org.apache.catalina.startup.HostConfig.deployDirectory Deploying web application directory [C:\Users\Arun\Desktop\repeated-to-2\2pmwebapp\tomcat-8\webapps\ROOT]
27-Jul-2020 22:34:50.015 INFO [localhost-startStop-1] org.apache.catalina.startup.HostConfig.deployDirectory Deployment of web application directory [C:\Users\Arun\Desktop\repeated-to-2\2pmwebapp\tomcat-8\webapps\ROOT] has finished in [143] ms
27-Jul-2020 22:34:50.037 INFO [main] org.apache.coyote.AbstractProtocol.start Starting ProtocolHandler ["http-nio-8080"]
27-Jul-2020 22:34:50.085 INFO [main] org.apache.catalina.startup.Catalina.start Server startup in 4421 ms
27-Jul-2020 23:46:32.969 INFO [ContainerBackgroundProcessor[StandardEngine[Catalina]]] org.apache.catalina.startup.HostConfig.undeploy Undeploying context [/2pmwebapp]
27-Jul-2020 23:46:43.066 INFO [localhost-startStop-2] org.apache.catalina.startup.HostConfig.deployWAR Deploying web application archive [C:\Users\Arun\Desktop\repeated-to-2\2pmwebapp\tomcat-8\webapps\2pmwebapp.war]
27-Jul-2020 23:46:45.076 INFO [localhost-startStop-2] org.apache.jasper.servlet.TldScanner.scanJars At least one JAR was scanned for TLDs yet contained no TLDs. Enable debug logging for this logger for a complete list of JARs that were scanned but no TLDs were found in them. Skipping unneeded JARs during scanning can improve startup time and JSP compilation time.
27-Jul-2020 23:46:45.097 INFO [localhost-startStop-2] org.apache.catalina.startup.HostConfig.deployWAR Deployment of web application archive [C:\Users\Arun\Desktop\repeated-to-2\2pmwebapp\tomcat-8\webapps\2pmwebapp.war] has finished in [2,031] ms
27-Jul-2020 23:47:08.785 INFO [main] org.apache.catalina.core.StandardServer.await A valid shutdown command was received via the shutdown port. Stopping the Server instance.
27-Jul-2020 23:47:08.787 INFO [main] org.apache.coyote.AbstractProtocol.pause Pausing ProtocolHandler ["http-nio-8080"]
27-Jul-2020 23:47:09.608 INFO [main] org.apache.catalina.core.StandardService.stopInternal Stopping service [Catalina]
27-Jul-2020 23:47:09.744 INFO [main] org.apache.coyote.AbstractProtocol.stop Stopping ProtocolHandler ["http-nio-8080"]
27-Jul-2020 23:47:09.800 INFO [main] org.apache.coyote.AbstractProtocol.destroy Destroying ProtocolHandler ["http-nio-8080"]
27-Jul-2020 23:47:25.874 INFO [main] org.apache.catalina.startup.VersionLoggerListener.log Server version name:   Apache Tomcat/8.5.57
27-Jul-2020 23:47:25.890 INFO [main] org.apache.catalina.startup.VersionLoggerListener.log Server built:          Jun 30 2020 21:49:10 UTC
27-Jul-2020 23:47:25.891 INFO [main] org.apache.catalina.startup.VersionLoggerListener.log Server version number: 8.5.57.0
27-Jul-2020 23:47:25.892 INFO [main] org.apache.catalina.startup.VersionLoggerListener.log OS Name:               Windows 10
27-Jul-2020 23:47:25.893 INFO [main] org.apache.catalina.startup.VersionLoggerListener.log OS Version:            10.0
27-Jul-2020 23:47:25.893 INFO [main] org.apache.catalina.startup.VersionLoggerListener.log Architecture:          amd64
27-Jul-2020 23:47:25.894 INFO [main] org.apache.catalina.startup.VersionLoggerListener.log Java Home:             C:\Program Files\Java\jdk1.8.0_251\jre
27-Jul-2020 23:47:25.895 INFO [main] org.apache.catalina.startup.VersionLoggerListener.log JVM Version:           1.8.0_251-b08
27-Jul-2020 23:47:25.895 INFO [main] org.apache.catalina.startup.VersionLoggerListener.log JVM Vendor:            Oracle Corporation
27-Jul-2020 23:47:25.896 INFO [main] org.apache.catalina.startup.VersionLoggerListener.log CATALINA_BASE:         C:\Users\Arun\Desktop\repeated-to-2\2pmwebapp\tomcat-8
27-Jul-2020 23:47:25.898 INFO [main] org.apache.catalina.startup.VersionLoggerListener.log CATALINA_HOME:         C:\Users\Arun\Desktop\repeated-to-2\2pmwebapp\tomcat-8
27-Jul-2020 23:47:25.904 INFO [main] org.apache.catalina.startup.VersionLoggerListener.log Command line argument: -Djava.util.logging.config.file=C:\Users\Arun\Desktop\repeated-to-2\2pmwebapp\tomcat-8\conf\logging.properties
27-Jul-2020 23:47:25.907 INFO [main] org.apache.catalina.startup.VersionLoggerListener.log Command line argument: -Djava.util.logging.manager=org.apache.juli.ClassLoaderLogManager
27-Jul-2020 23:47:25.908 INFO [main] org.apache.catalina.startup.VersionLoggerListener.log Command line argument: -Djdk.tls.ephemeralDHKeySize=2048
27-Jul-2020 23:47:25.909 INFO [main] org.apache.catalina.startup.VersionLoggerListener.log Command line argument: -Djava.protocol.handler.pkgs=org.apache.catalina.webresources
27-Jul-2020 23:47:25.910 INFO [main] org.apache.catalina.startup.VersionLoggerListener.log Command line argument: -Dignore.endorsed.dirs=
27-Jul-2020 23:47:25.912 INFO [main] org.apache.catalina.startup.VersionLoggerListener.log Command line argument: -Dcatalina.base=C:\Users\Arun\Desktop\repeated-to-2\2pmwebapp\tomcat-8
27-Jul-2020 23:47:25.918 INFO [main] org.apache.catalina.startup.VersionLoggerListener.log Command line argument: -Dcatalina.home=C:\Users\Arun\Desktop\repeated-to-2\2pmwebapp\tomcat-8
27-Jul-2020 23:47:25.922 INFO [main] org.apache.catalina.startup.VersionLoggerListener.log Command line argument: -Djava.io.tmpdir=C:\Users\Arun\Desktop\repeated-to-2\2pmwebapp\tomcat-8\temp
27-Jul-2020 23:47:25.926 INFO [main] org.apache.catalina.core.AprLifecycleListener.lifecycleEvent The Apache Tomcat Native library which allows using OpenSSL was not found on the java.library.path: [C:\Program Files\Java\jdk1.8.0_251\bin;C:\WINDOWS\Sun\Java\bin;C:\WINDOWS\system32;C:\WINDOWS;C:\Program Files (x86)\Common Files\Oracle\Java\javapath:C:\Program Files;C:\WINDOWS\system32;C:\WINDOWS;C:\WINDOWS\System32\Wbem;C:\WINDOWS\System32\WindowsPowerShell\v1.0\;C:\WINDOWS\System32\OpenSSH\;C:\Program Files\SourceGear\Common\DiffMerge\;C:\Program Files\PuTTY\;C:\Program Files\Amazon\AWSCLI;C:\PrograC:\Program Files (x86)\Common Files\Oracle\Java\javapath:;C:\WINDOWS\system32;C:\WINDOWS;C:\WINDOWS\System32\Wbem;C:\WINDOWS\System32\WindowsPowerShell\v1.0\;C:\WINDOWS\System32\OpenSSH\;C:\Program Files\SourceGear\Common\DiffMerge\;C:\Program Files\PuTTY\;C:\Program Files\Amazon\AWSCLI;C:\Program Files\Git\cmd;C:\Program Files\Amazon\AWSCLIV2\;C:\Program Files (x86)\maven-3\bin;C:\Program Files\Java\jdk1.8.0_251\bin;C:\Users\Arun\AppData\Local\Programs\Python\Python38-32\Scripts\;C:\Users\Arun\AppData\Local\Programs\Python\Python38-32\;C:\Users\Arun\AppData\Local\Programs\Microsoft VS Code\bin;C:\Program Files\Java\jdk1.8.0_251;.]
27-Jul-2020 23:47:26.810 INFO [main] org.apache.coyote.AbstractProtocol.init Initializing ProtocolHandler ["http-nio-8080"]
27-Jul-2020 23:47:27.784 INFO [main] org.apache.tomcat.util.net.NioSelectorPool.getSharedSelector Using a shared selector for servlet write/read
27-Jul-2020 23:47:27.905 INFO [main] org.apache.catalina.startup.Catalina.load Initialization processed in 4763 ms
27-Jul-2020 23:47:28.105 INFO [main] org.apache.catalina.core.StandardService.startInternal Starting service [Catalina]
27-Jul-2020 23:47:28.107 INFO [main] org.apache.catalina.core.StandardEngine.startInternal Starting Servlet Engine: Apache Tomcat/8.5.57
27-Jul-2020 23:47:28.252 INFO [localhost-startStop-1] org.apache.catalina.startup.HostConfig.deployWAR Deploying web application archive [C:\Users\Arun\Desktop\repeated-to-2\2pmwebapp\tomcat-8\webapps\2pmwebapp.war]
27-Jul-2020 23:47:31.291 INFO [localhost-startStop-1] org.apache.jasper.servlet.TldScanner.scanJars At least one JAR was scanned for TLDs yet contained no TLDs. Enable debug logging for this logger for a complete list of JARs that were scanned but no TLDs were found in them. Skipping unneeded JARs during scanning can improve startup time and JSP compilation time.
27-Jul-2020 23:47:31.518 INFO [localhost-startStop-1] org.apache.catalina.startup.HostConfig.deployWAR Deployment of web application archive [C:\Users\Arun\Desktop\repeated-to-2\2pmwebapp\tomcat-8\webapps\2pmwebapp.war] has finished in [3,264] ms
27-Jul-2020 23:47:31.525 INFO [localhost-startStop-1] org.apache.catalina.startup.HostConfig.deployDirectory Deploying web application directory [C:\Users\Arun\Desktop\repeated-to-2\2pmwebapp\tomcat-8\webapps\docs]
27-Jul-2020 23:47:31.685 INFO [localhost-startStop-1] org.apache.catalina.startup.HostConfig.deployDirectory Deployment of web application directory [C:\Users\Arun\Desktop\repeated-to-2\2pmwebapp\tomcat-8\webapps\docs] has finished in [161] ms
27-Jul-2020 23:47:31.687 INFO [localhost-startStop-1] org.apache.catalina.startup.HostConfig.deployDirectory Deploying web application directory [C:\Users\Arun\Desktop\repeated-to-2\2pmwebapp\tomcat-8\webapps\examples]
27-Jul-2020 23:47:33.382 INFO [localhost-startStop-1] org.apache.catalina.startup.HostConfig.deployDirectory Deployment of web application directory [C:\Users\Arun\Desktop\repeated-to-2\2pmwebapp\tomcat-8\webapps\examples] has finished in [1,695] ms
27-Jul-2020 23:47:33.383 INFO [localhost-startStop-1] org.apache.catalina.startup.HostConfig.deployDirectory Deploying web application directory [C:\Users\Arun\Desktop\repeated-to-2\2pmwebapp\tomcat-8\webapps\host-manager]
27-Jul-2020 23:47:33.478 INFO [localhost-startStop-1] org.apache.catalina.startup.HostConfig.deployDirectory Deployment of web application directory [C:\Users\Arun\Desktop\repeated-to-2\2pmwebapp\tomcat-8\webapps\host-manager] has finished in [95] ms
27-Jul-2020 23:47:33.479 INFO [localhost-startStop-1] org.apache.catalina.startup.HostConfig.deployDirectory Deploying web application directory [C:\Users\Arun\Desktop\repeated-to-2\2pmwebapp\tomcat-8\webapps\manager]
27-Jul-2020 23:47:33.614 INFO [localhost-startStop-1] org.apache.catalina.startup.HostConfig.deployDirectory Deployment of web application directory [C:\Users\Arun\Desktop\repeated-to-2\2pmwebapp\tomcat-8\webapps\manager] has finished in [134] ms
27-Jul-2020 23:47:33.620 INFO [localhost-startStop-1] org.apache.catalina.startup.HostConfig.deployDirectory Deploying web application directory [C:\Users\Arun\Desktop\repeated-to-2\2pmwebapp\tomcat-8\webapps\ROOT]
27-Jul-2020 23:47:33.730 INFO [localhost-startStop-1] org.apache.catalina.startup.HostConfig.deployDirectory Deployment of web application directory [C:\Users\Arun\Desktop\repeated-to-2\2pmwebapp\tomcat-8\webapps\ROOT] has finished in [111] ms
27-Jul-2020 23:47:33.750 INFO [main] org.apache.coyote.AbstractProtocol.start Starting ProtocolHandler ["http-nio-8080"]
27-Jul-2020 23:47:33.785 INFO [main] org.apache.catalina.startup.Catalina.start Server startup in 5873 ms
27-Jul-2020 23:52:04.286 INFO [ContainerBackgroundProcessor[StandardEngine[Catalina]]] org.apache.catalina.startup.HostConfig.undeploy Undeploying context [/2pmwebapp]
27-Jul-2020 23:52:04.447 INFO [localhost-startStop-2] org.apache.catalina.startup.HostConfig.deployWAR Deploying web application archive [C:\Users\Arun\Desktop\repeated-to-2\2pmwebapp\tomcat-8\webapps\2pmwebapp.war]
27-Jul-2020 23:52:06.105 INFO [localhost-startStop-2] org.apache.jasper.servlet.TldScanner.scanJars At least one JAR was scanned for TLDs yet contained no TLDs. Enable debug logging for this logger for a complete list of JARs that were scanned but no TLDs were found in them. Skipping unneeded JARs during scanning can improve startup time and JSP compilation time.
27-Jul-2020 23:52:06.119 INFO [localhost-startStop-2] org.apache.catalina.startup.HostConfig.deployWAR Deployment of web application archive [C:\Users\Arun\Desktop\repeated-to-2\2pmwebapp\tomcat-8\webapps\2pmwebapp.war] has finished in [1,671] ms
27-Jul-2020 23:52:27.092 INFO [main] org.apache.catalina.core.StandardServer.await A valid shutdown command was received via the shutdown port. Stopping the Server instance.
27-Jul-2020 23:52:27.095 INFO [main] org.apache.coyote.AbstractProtocol.pause Pausing ProtocolHandler ["http-nio-8080"]
27-Jul-2020 23:52:27.936 INFO [main] org.apache.catalina.core.StandardService.stopInternal Stopping service [Catalina]
27-Jul-2020 23:52:28.079 INFO [main] org.apache.coyote.AbstractProtocol.stop Stopping ProtocolHandler ["http-nio-8080"]
27-Jul-2020 23:52:28.108 INFO [main] org.apache.coyote.AbstractProtocol.destroy Destroying ProtocolHandler ["http-nio-8080"]
27-Jul-2020 23:52:35.309 INFO [main] org.apache.catalina.startup.VersionLoggerListener.log Server version name:   Apache Tomcat/8.5.57
27-Jul-2020 23:52:35.321 INFO [main] org.apache.catalina.startup.VersionLoggerListener.log Server built:          Jun 30 2020 21:49:10 UTC
27-Jul-2020 23:52:35.322 INFO [main] org.apache.catalina.startup.VersionLoggerListener.log Server version number: 8.5.57.0
27-Jul-2020 23:52:35.323 INFO [main] org.apache.catalina.startup.VersionLoggerListener.log OS Name:               Windows 10
27-Jul-2020 23:52:35.324 INFO [main] org.apache.catalina.startup.VersionLoggerListener.log OS Version:            10.0
27-Jul-2020 23:52:35.324 INFO [main] org.apache.catalina.startup.VersionLoggerListener.log Architecture:          amd64
27-Jul-2020 23:52:35.325 INFO [main] org.apache.catalina.startup.VersionLoggerListener.log Java Home:             C:\Program Files\Java\jdk1.8.0_251\jre
27-Jul-2020 23:52:35.326 INFO [main] org.apache.catalina.startup.VersionLoggerListener.log JVM Version:           1.8.0_251-b08
27-Jul-2020 23:52:35.327 INFO [main] org.apache.catalina.startup.VersionLoggerListener.log JVM Vendor:            Oracle Corporation
27-Jul-2020 23:52:35.329 INFO [main] org.apache.catalina.startup.VersionLoggerListener.log CATALINA_BASE:         C:\Users\Arun\Desktop\repeated-to-2\2pmwebapp\tomcat-8
27-Jul-2020 23:52:35.330 INFO [main] org.apache.catalina.startup.VersionLoggerListener.log CATALINA_HOME:         C:\Users\Arun\Desktop\repeated-to-2\2pmwebapp\tomcat-8
27-Jul-2020 23:52:35.332 INFO [main] org.apache.catalina.startup.VersionLoggerListener.log Command line argument: -Djava.util.logging.config.file=C:\Users\Arun\Desktop\repeated-to-2\2pmwebapp\tomcat-8\conf\logging.properties
27-Jul-2020 23:52:35.337 INFO [main] org.apache.catalina.startup.VersionLoggerListener.log Command line argument: -Djava.util.logging.manager=org.apache.juli.ClassLoaderLogManager
27-Jul-2020 23:52:35.338 INFO [main] org.apache.catalina.startup.VersionLoggerListener.log Command line argument: -Djdk.tls.ephemeralDHKeySize=2048
27-Jul-2020 23:52:35.338 INFO [main] org.apache.catalina.startup.VersionLoggerListener.log Command line argument: -Djava.protocol.handler.pkgs=org.apache.catalina.webresources
27-Jul-2020 23:52:35.339 INFO [main] org.apache.catalina.startup.VersionLoggerListener.log Command line argument: -Dignore.endorsed.dirs=
27-Jul-2020 23:52:35.340 INFO [main] org.apache.catalina.startup.VersionLoggerListener.log Command line argument: -Dcatalina.base=C:\Users\Arun\Desktop\repeated-to-2\2pmwebapp\tomcat-8
27-Jul-2020 23:52:35.343 INFO [main] org.apache.catalina.startup.VersionLoggerListener.log Command line argument: -Dcatalina.home=C:\Users\Arun\Desktop\repeated-to-2\2pmwebapp\tomcat-8
27-Jul-2020 23:52:35.345 INFO [main] org.apache.catalina.startup.VersionLoggerListener.log Command line argument: -Djava.io.tmpdir=C:\Users\Arun\Desktop\repeated-to-2\2pmwebapp\tomcat-8\temp
27-Jul-2020 23:52:35.351 INFO [main] org.apache.catalina.core.AprLifecycleListener.lifecycleEvent The Apache Tomcat Native library which allows using OpenSSL was not found on the java.library.path: [C:\Program Files\Java\jdk1.8.0_251\bin;C:\WINDOWS\Sun\Java\bin;C:\WINDOWS\system32;C:\WINDOWS;C:\Program Files (x86)\Common Files\Oracle\Java\javapath:C:\Program Files;C:\WINDOWS\system32;C:\WINDOWS;C:\WINDOWS\System32\Wbem;C:\WINDOWS\System32\WindowsPowerShell\v1.0\;C:\WINDOWS\System32\OpenSSH\;C:\Program Files\SourceGear\Common\DiffMerge\;C:\Program Files\PuTTY\;C:\Program Files\Amazon\AWSCLI;C:\PrograC:\Program Files (x86)\Common Files\Oracle\Java\javapath:;C:\WINDOWS\system32;C:\WINDOWS;C:\WINDOWS\System32\Wbem;C:\WINDOWS\System32\WindowsPowerShell\v1.0\;C:\WINDOWS\System32\OpenSSH\;C:\Program Files\SourceGear\Common\DiffMerge\;C:\Program Files\PuTTY\;C:\Program Files\Amazon\AWSCLI;C:\Program Files\Git\cmd;C:\Program Files\Amazon\AWSCLIV2\;C:\Program Files (x86)\maven-3\bin;C:\Program Files\Java\jdk1.8.0_251\bin;C:\Users\Arun\AppData\Local\Programs\Python\Python38-32\Scripts\;C:\Users\Arun\AppData\Local\Programs\Python\Python38-32\;C:\Users\Arun\AppData\Local\Programs\Microsoft VS Code\bin;C:\Program Files\Java\jdk1.8.0_251;.]
27-Jul-2020 23:52:35.912 INFO [main] org.apache.coyote.AbstractProtocol.init Initializing ProtocolHandler ["http-nio-8080"]
27-Jul-2020 23:52:36.738 INFO [main] org.apache.tomcat.util.net.NioSelectorPool.getSharedSelector Using a shared selector for servlet write/read
27-Jul-2020 23:52:36.830 INFO [main] org.apache.catalina.startup.Catalina.load Initialization processed in 3643 ms
27-Jul-2020 23:52:37.008 INFO [main] org.apache.catalina.core.StandardService.startInternal Starting service [Catalina]
27-Jul-2020 23:52:37.010 INFO [main] org.apache.catalina.core.StandardEngine.startInternal Starting Servlet Engine: Apache Tomcat/8.5.57
27-Jul-2020 23:52:37.143 INFO [localhost-startStop-1] org.apache.catalina.startup.HostConfig.deployWAR Deploying web application archive [C:\Users\Arun\Desktop\repeated-to-2\2pmwebapp\tomcat-8\webapps\2pmwebapp.war]
27-Jul-2020 23:52:39.495 INFO [localhost-startStop-1] org.apache.jasper.servlet.TldScanner.scanJars At least one JAR was scanned for TLDs yet contained no TLDs. Enable debug logging for this logger for a complete list of JARs that were scanned but no TLDs were found in them. Skipping unneeded JARs during scanning can improve startup time and JSP compilation time.
27-Jul-2020 23:52:39.805 INFO [localhost-startStop-1] org.apache.catalina.startup.HostConfig.deployWAR Deployment of web application archive [C:\Users\Arun\Desktop\repeated-to-2\2pmwebapp\tomcat-8\webapps\2pmwebapp.war] has finished in [2,660] ms
27-Jul-2020 23:52:39.811 INFO [localhost-startStop-1] org.apache.catalina.startup.HostConfig.deployDirectory Deploying web application directory [C:\Users\Arun\Desktop\repeated-to-2\2pmwebapp\tomcat-8\webapps\docs]
27-Jul-2020 23:52:39.958 INFO [localhost-startStop-1] org.apache.catalina.startup.HostConfig.deployDirectory Deployment of web application directory [C:\Users\Arun\Desktop\repeated-to-2\2pmwebapp\tomcat-8\webapps\docs] has finished in [146] ms
27-Jul-2020 23:52:39.959 INFO [localhost-startStop-1] org.apache.catalina.startup.HostConfig.deployDirectory Deploying web application directory [C:\Users\Arun\Desktop\repeated-to-2\2pmwebapp\tomcat-8\webapps\examples]
27-Jul-2020 23:52:41.750 INFO [localhost-startStop-1] org.apache.catalina.startup.HostConfig.deployDirectory Deployment of web application directory [C:\Users\Arun\Desktop\repeated-to-2\2pmwebapp\tomcat-8\webapps\examples] has finished in [1,791] ms
27-Jul-2020 23:52:41.751 INFO [localhost-startStop-1] org.apache.catalina.startup.HostConfig.deployDirectory Deploying web application directory [C:\Users\Arun\Desktop\repeated-to-2\2pmwebapp\tomcat-8\webapps\host-manager]
27-Jul-2020 23:52:41.887 INFO [localhost-startStop-1] org.apache.catalina.startup.HostConfig.deployDirectory Deployment of web application directory [C:\Users\Arun\Desktop\repeated-to-2\2pmwebapp\tomcat-8\webapps\host-manager] has finished in [136] ms
27-Jul-2020 23:52:41.889 INFO [localhost-startStop-1] org.apache.catalina.startup.HostConfig.deployDirectory Deploying web application directory [C:\Users\Arun\Desktop\repeated-to-2\2pmwebapp\tomcat-8\webapps\manager]
27-Jul-2020 23:52:42.041 INFO [localhost-startStop-1] org.apache.catalina.startup.HostConfig.deployDirectory Deployment of web application directory [C:\Users\Arun\Desktop\repeated-to-2\2pmwebapp\tomcat-8\webapps\manager] has finished in [151] ms
27-Jul-2020 23:52:42.042 INFO [localhost-startStop-1] org.apache.catalina.startup.HostConfig.deployDirectory Deploying web application directory [C:\Users\Arun\Desktop\repeated-to-2\2pmwebapp\tomcat-8\webapps\ROOT]
27-Jul-2020 23:52:42.171 INFO [localhost-startStop-1] org.apache.catalina.startup.HostConfig.deployDirectory Deployment of web application directory [C:\Users\Arun\Desktop\repeated-to-2\2pmwebapp\tomcat-8\webapps\ROOT] has finished in [128] ms
27-Jul-2020 23:52:42.200 INFO [main] org.apache.coyote.AbstractProtocol.start Starting ProtocolHandler ["http-nio-8080"]
27-Jul-2020 23:52:42.245 INFO [main] org.apache.catalina.startup.Catalina.start Server startup in 5412 ms
